
[2025-05-31T19:24:30.771185+00:00] logs.INFO: Usuario Loegado [] []
[2025-05-31T21:02:10.540451+00:00] logs.INFO: Usuario Loegado [] []
[2025-06-03T00:13:07.210222+00:00] logs.INFO: Usuario Loegado [] []
[2025-06-03T01:12:13.369013+00:00] logs.INFO: Usuario Loegado [] []
[2025-06-03T01:13:36.864533+00:00] logs.INFO: Usuario Registrado [] []
[2025-06-03T01:18:15.696198+00:00] logs.INFO: Usuario Loegado [] []
[2025-06-03T06:25:39.006193+00:00] logs.INFO: Usuario Loegado [] []
[2025-06-03T17:33:58.138607+00:00] logs.INFO: Usuario Loegado [] []
[2025-06-03T18:21:02.861631+00:00] logs.INFO: Usuario Loegado [] []
[2025-06-03T18:23:59.240822+00:00] logs.INFO: Usuario Logeado [] []
[2025-06-03T18:44:47.463460+00:00] logs.INFO: Usuario logeado con permisos de escritura [] []
[2025-06-03T18:45:28.199860+00:00] logs.INFO: Usuario logeado con permisos de escritura [] []
[2025-06-03T18:59:17.440278+00:00] logs.INFO: Usuario logeado con permisos de escritura [] []
[2025-06-03T19:00:27.992806+00:00] logs.INFO: Usuario logeado con permisos de escritura [] []
[2025-06-15T12:07:36.183924+00:00] logs.INFO: Usuario logeado con permisos de escritura [] []
[2025-07-16T20:02:06.585883+00:00] logs.INFO: Usuario logeado con permisos de escritura [] []
[2025-07-17T09:08:20.141287+00:00] logs.INFO: Usuario logeado con permisos de escritura [] []
[2025-07-17T09:13:24.072066+00:00] logs.INFO: Usuario logeado con permisos de escritura [] []
[2025-07-17T09:13:50.062330+00:00] logs.INFO: Usuario logeado con permisos de escritura [] []
[2025-07-17T09:14:36.346897+00:00] logs.INFO: Usuario logeado con permisos de escritura [] []
[2025-07-17T09:18:05.838392+00:00] logs.INFO: Usuario logeado con permisos de escritura [] []
[2025-07-17T09:20:20.998185+00:00] logs.INFO: Usuario logeado con permisos de escritura [] []
[2025-07-17T09:43:18.306387+00:00] logs.INFO: Usuario Registrado [] []
[2025-07-17T09:51:28.755275+00:00] logs.INFO: Usuario logeado con permisos de escritura [] []
[2025-07-17T09:51:35.615018+00:00] logs.INFO: Usuario logeado con permisos de escritura [] []
[2025-07-17T09:52:01.516648+00:00] logs.INFO: Usuario logeado con permisos de escritura [] []
[2025-07-17T09:52:37.104937+00:00] logs.INFO: Usuario logeado con permisos de escritura [] []
[2025-07-17T09:53:17.455397+00:00] logs.INFO: Usuario logeado con permisos de escritura [] []
[2025-07-17T09:54:51.974114+00:00] logs.INFO: Usuario logeado con permisos de escritura [] []
[2025-07-17T09:55:28.475862+00:00] logs.INFO: Usuario logeado con permisos de escritura [] []
[2025-07-17T09:58:10.713481+00:00] logs.INFO: Usuario logeado con permisos de escritura [] []
[2025-07-17T10:01:21.558827+00:00] logs.INFO: Usuario logeado con permisos de escritura [] []
[2025-07-17T10:01:35.490692+00:00] logs.INFO: Usuario logeado con permisos de escritura [] []
[2025-07-17T11:54:44.354852+00:00] logs.INFO: Usuario logeado con permisos de escritura [] []
[2025-07-17T12:13:57.304009+00:00] logs.INFO: Usuario logeado con permisos de escritura [] []
[2025-07-17T12:16:46.658947+00:00] logs.INFO: Usuario logeado con permisos de escritura [] []
[2025-07-17T12:21:18.936134+00:00] logs.INFO: Usuario logeado con permisos de escritura [] []
[2025-07-17T12:29:52.706960+00:00] logs.INFO: Usuario logeado con permisos de cliente [] []
[2025-07-17T12:33:56.640732+00:00] logs.INFO: Usuario logeado con permisos de cliente [] []
[2025-07-17T12:34:21.285864+00:00] logs.INFO: Usuario logeado con permisos de cliente [] []
[2025-07-17T12:43:58.453770+00:00] logs.INFO: Usuario logeado con permisos de cliente [] []
[2025-07-17T12:45:03.754232+00:00] logs.INFO: Usuario logeado con permisos de cliente [] []
[2025-07-17T12:45:25.753166+00:00] logs.INFO: Usuario logeado con permisos de cliente [] []
[2025-07-17T12:45:35.443948+00:00] logs.INFO: Usuario logeado con permisos de cliente [] []
[2025-07-17T12:45:57.706045+00:00] logs.INFO: Usuario logeado con permisos de cliente [] []
[2025-07-17T12:46:52.976140+00:00] logs.INFO: Usuario logeado con permisos de cliente [] []
[2025-07-17T12:47:16.504501+00:00] logs.INFO: Usuario logeado con permisos de cliente [] []
[2025-07-17T12:58:53.120953+00:00] logs.INFO: Usuario logeado con permisos de cliente [] []
[2025-07-17T12:59:15.138203+00:00] logs.INFO: Usuario logeado con permisos de cliente [] []
[2025-07-17T12:59:26.046525+00:00] logs.INFO: Usuario logeado con permisos de cliente [] []
[2025-07-17T15:09:01.003123+00:00] logs.INFO: Usuario logeado con permisos de cliente [] []
